g-0-4
Thu 26 Oct 2023 01:09:35 AM CST
baboon_uniformblur.png
Starting optimization with ADAM
Starting optimization with ADAM
Starting optimization with ADAM
Starting optimization with ADAM
Starting optimization with ADAM
Starting optimization with ADAM
Starting optimization with ADAM
Starting optimization with ADAM
Starting optimization with ADAM
Starting optimization with ADAM
Starting optimization with ADAM
Starting optimization with ADAM
Starting optimization with ADAM
butterfly_uniformblur.png
Starting optimization with ADAM
Starting optimization with ADAM
Starting optimization with ADAM
Starting optimization with ADAM
Starting optimization with ADAM
Starting optimization with ADAM
Starting optimization with ADAM
Starting optimization with ADAM
Starting optimization with ADAM
Starting optimization with ADAM
Starting optimization with ADAM
Starting optimization with ADAM
Starting optimization with ADAM
f16_uniformblur.png
Starting optimization with ADAM
Starting optimization with ADAM
Starting optimization with ADAM
Starting optimization with ADAM
Starting optimization with ADAM
Starting optimization with ADAM
Starting optimization with ADAM
Starting optimization with ADAM
Starting optimization with ADAM
Starting optimization with ADAM
Starting optimization with ADAM
Starting optimization with ADAM
Starting optimization with ADAM
leaves_uniformblur.png
Starting optimization with ADAM
Starting optimization with ADAM
Starting optimization with ADAM
Starting optimization with ADAM
Starting optimization with ADAM
Starting optimization with ADAM
Starting optimization with ADAM
Starting optimization with ADAM
Starting optimization with ADAM
Starting optimization with ADAM
Starting optimization with ADAM
Starting optimization with ADAM
Starting optimization with ADAM
lena_uniformblur.png
Starting optimization with ADAM
Starting optimization with ADAM
Starting optimization with ADAM
Starting optimization with ADAM
Starting optimization with ADAM
Starting optimization with ADAM
Starting optimization with ADAM
Starting optimization with ADAM
Starting optimization with ADAM
Starting optimization with ADAM
Starting optimization with ADAM
Starting optimization with ADAM
Starting optimization with ADAM
parrots_uniformblur.png
Starting optimization with ADAM
Starting optimization with ADAM
Starting optimization with ADAM
Starting optimization with ADAM
Starting optimization with ADAM
Starting optimization with ADAM
Starting optimization with ADAM
Starting optimization with ADAM
Starting optimization with ADAM
Starting optimization with ADAM
Starting optimization with ADAM
Starting optimization with ADAM
Starting optimization with ADAM
peppers_uniformblur.png
Starting optimization with ADAM
Starting optimization with ADAM
Starting optimization with ADAM
Starting optimization with ADAM
Starting optimization with ADAM
Starting optimization with ADAM
Starting optimization with ADAM
Starting optimization with ADAM
Starting optimization with ADAM
Starting optimization with ADAM
Starting optimization with ADAM
Starting optimization with ADAM
Starting optimization with ADAM
starfish_uniformblur.png
Starting optimization with ADAM
Starting optimization with ADAM
Starting optimization with ADAM
Starting optimization with ADAM
Starting optimization with ADAM
Starting optimization with ADAM
Starting optimization with ADAM
Starting optimization with ADAM
Starting optimization with ADAM
Starting optimization with ADAM
Starting optimization with ADAM
Starting optimization with ADAM
Starting optimization with ADAM
Fri 27 Oct 2023 06:37:44 PM CST
