g-0-2
Sun 17 Sep 2023 01:27:02 PM CDT
kodim23_small_blurred_uniform.png
Starting optimization with ADAM
Starting optimization with ADAM
Starting optimization with ADAM
Starting optimization with ADAM
Starting optimization with ADAM
Starting optimization with ADAM
Starting optimization with ADAM
Starting optimization with ADAM
Starting optimization with ADAM
Starting optimization with ADAM
Starting optimization with ADAM
Starting optimization with ADAM
Starting optimization with ADAM
kodim24_small_blurred_uniform.png
Starting optimization with ADAM
Starting optimization with ADAM
Starting optimization with ADAM
Starting optimization with ADAM
Starting optimization with ADAM
Starting optimization with ADAM
Starting optimization with ADAM
Starting optimization with ADAM
Starting optimization with ADAM
Starting optimization with ADAM
Starting optimization with ADAM
Starting optimization with ADAM
Starting optimization with ADAM
Mon 18 Sep 2023 01:14:37 AM CDT
