g-0-1
Thu 21 Dec 2023 08:10:59 PM CST
kodim1_small_blurred_uniform.png
Starting optimization with ADAM
kodim2_small_blurred_uniform.png
Starting optimization with ADAM
kodim3_small_blurred_uniform.png
Starting optimization with ADAM
kodim4_small_blurred_uniform.png
Starting optimization with ADAM
kodim5_small_blurred_uniform.png
Starting optimization with ADAM
kodim6_small_blurred_uniform.png
Starting optimization with ADAM
kodim7_small_blurred_uniform.png
Starting optimization with ADAM
kodim8_small_blurred_uniform.png
Starting optimization with ADAM
kodim9_small_blurred_uniform.png
Starting optimization with ADAM
kodim10_small_blurred_uniform.png
Starting optimization with ADAM
kodim11_small_blurred_uniform.png
Starting optimization with ADAM
kodim12_small_blurred_uniform.png
Starting optimization with ADAM
kodim13_small_blurred_uniform.png
Starting optimization with ADAM
kodim14_small_blurred_uniform.png
Starting optimization with ADAM
kodim15_small_blurred_uniform.png
Starting optimization with ADAM
kodim16_small_blurred_uniform.png
Starting optimization with ADAM
kodim17_small_blurred_uniform.png
Starting optimization with ADAM
kodim18_small_blurred_uniform.png
Starting optimization with ADAM
kodim19_small_blurred_uniform.png
Starting optimization with ADAM
kodim20_small_blurred_uniform.png
Starting optimization with ADAM
kodim21_small_blurred_uniform.png
Starting optimization with ADAM
kodim22_small_blurred_uniform.png
Starting optimization with ADAM
kodim23_small_blurred_uniform.png
Starting optimization with ADAM
kodim24_small_blurred_uniform.png
Starting optimization with ADAM
Fri 22 Dec 2023 05:32:22 AM CST
