g-0-11
Tue 31 Oct 2023 12:00:03 AM CST
baboon_uniformblur.png
Starting optimization with ADAM
Starting optimization with ADAM
Starting optimization with ADAM
Starting optimization with ADAM
Starting optimization with ADAM
Starting optimization with ADAM
Starting optimization with ADAM
Starting optimization with ADAM
Starting optimization with ADAM
Starting optimization with ADAM
Starting optimization with ADAM
Starting optimization with ADAM
Starting optimization with ADAM
Starting optimization with ADAM
Starting optimization with ADAM
Starting optimization with ADAM
Starting optimization with ADAM
Starting optimization with ADAM
Starting optimization with ADAM
Starting optimization with ADAM
Starting optimization with ADAM
Starting optimization with ADAM
Starting optimization with ADAM
Starting optimization with ADAM
Starting optimization with ADAM
Starting optimization with ADAM
Starting optimization with ADAM
Starting optimization with ADAM
Starting optimization with ADAM
Starting optimization with ADAM
Starting optimization with ADAM
Starting optimization with ADAM
Starting optimization with ADAM
Starting optimization with ADAM
Starting optimization with ADAM
Starting optimization with ADAM
Starting optimization with ADAM
Starting optimization with ADAM
Starting optimization with ADAM
Starting optimization with ADAM
Starting optimization with ADAM
Starting optimization with ADAM
Starting optimization with ADAM
Starting optimization with ADAM
Starting optimization with ADAM
Starting optimization with ADAM
Starting optimization with ADAM
Starting optimization with ADAM
Starting optimization with ADAM
Starting optimization with ADAM
Starting optimization with ADAM
Starting optimization with ADAM
Starting optimization with ADAM
Starting optimization with ADAM
Starting optimization with ADAM
Starting optimization with ADAM
Starting optimization with ADAM
Starting optimization with ADAM
Starting optimization with ADAM
Starting optimization with ADAM
Starting optimization with ADAM
Starting optimization with ADAM
Starting optimization with ADAM
Starting optimization with ADAM
Starting optimization with ADAM
butterfly_uniformblur.png
Starting optimization with ADAM
Starting optimization with ADAM
Starting optimization with ADAM
Starting optimization with ADAM
Starting optimization with ADAM
Starting optimization with ADAM
Starting optimization with ADAM
Starting optimization with ADAM
Starting optimization with ADAM
Starting optimization with ADAM
Starting optimization with ADAM
Starting optimization with ADAM
Starting optimization with ADAM
Starting optimization with ADAM
Starting optimization with ADAM
Starting optimization with ADAM
Starting optimization with ADAM
Starting optimization with ADAM
Starting optimization with ADAM
Starting optimization with ADAM
Starting optimization with ADAM
Starting optimization with ADAM
Starting optimization with ADAM
Starting optimization with ADAM
Starting optimization with ADAM
Starting optimization with ADAM
Starting optimization with ADAM
Starting optimization with ADAM
Starting optimization with ADAM
Starting optimization with ADAM
Starting optimization with ADAM
Starting optimization with ADAM
Starting optimization with ADAM
Starting optimization with ADAM
Starting optimization with ADAM
Starting optimization with ADAM
Starting optimization with ADAM
Starting optimization with ADAM
Starting optimization with ADAM
Starting optimization with ADAM
Starting optimization with ADAM
Starting optimization with ADAM
Starting optimization with ADAM
Starting optimization with ADAM
Starting optimization with ADAM
Starting optimization with ADAM
Starting optimization with ADAM
Starting optimization with ADAM
Starting optimization with ADAM
Starting optimization with ADAM
Starting optimization with ADAM
Starting optimization with ADAM
Starting optimization with ADAM
Starting optimization with ADAM
Starting optimization with ADAM
Starting optimization with ADAM
Starting optimization with ADAM
Starting optimization with ADAM
Starting optimization with ADAM
Starting optimization with ADAM
Starting optimization with ADAM
Starting optimization with ADAM
Starting optimization with ADAM
Starting optimization with ADAM
Starting optimization with ADAM
f16_uniformblur.png
Starting optimization with ADAM
Starting optimization with ADAM
Starting optimization with ADAM
Starting optimization with ADAM
Starting optimization with ADAM
Starting optimization with ADAM
Starting optimization with ADAM
Starting optimization with ADAM
Starting optimization with ADAM
Starting optimization with ADAM
Starting optimization with ADAM
Starting optimization with ADAM
Starting optimization with ADAM
Starting optimization with ADAM
Starting optimization with ADAM
Starting optimization with ADAM
Starting optimization with ADAM
Starting optimization with ADAM
Starting optimization with ADAM
Starting optimization with ADAM
Starting optimization with ADAM
Starting optimization with ADAM
Starting optimization with ADAM
Starting optimization with ADAM
Starting optimization with ADAM
Starting optimization with ADAM
Starting optimization with ADAM
Starting optimization with ADAM
Starting optimization with ADAM
Starting optimization with ADAM
Starting optimization with ADAM
Starting optimization with ADAM
Starting optimization with ADAM
Starting optimization with ADAM
Starting optimization with ADAM
Starting optimization with ADAM
Starting optimization with ADAM
Starting optimization with ADAM
Starting optimization with ADAM
Starting optimization with ADAM
Starting optimization with ADAM
Starting optimization with ADAM
Starting optimization with ADAM
Starting optimization with ADAM
Starting optimization with ADAM
Starting optimization with ADAM
Starting optimization with ADAM
Starting optimization with ADAM
Starting optimization with ADAM
Starting optimization with ADAM
Starting optimization with ADAM
Starting optimization with ADAM
Starting optimization with ADAM
Starting optimization with ADAM
Starting optimization with ADAM
Starting optimization with ADAM
Starting optimization with ADAM
Starting optimization with ADAM
Starting optimization with ADAM
Starting optimization with ADAM
Starting optimization with ADAM
Starting optimization with ADAM
Starting optimization with ADAM
Starting optimization with ADAM
Starting optimization with ADAM
leaves_uniformblur.png
Starting optimization with ADAM
Starting optimization with ADAM
Starting optimization with ADAM
Starting optimization with ADAM
Starting optimization with ADAM
Starting optimization with ADAM
Starting optimization with ADAM
Starting optimization with ADAM
Starting optimization with ADAM
Starting optimization with ADAM
Starting optimization with ADAM
Starting optimization with ADAM
Starting optimization with ADAM
Starting optimization with ADAM
Starting optimization with ADAM
Starting optimization with ADAM
Starting optimization with ADAM
Starting optimization with ADAM
Starting optimization with ADAM
Starting optimization with ADAM
Starting optimization with ADAM
Starting optimization with ADAM
Starting optimization with ADAM
Starting optimization with ADAM
Starting optimization with ADAM
Starting optimization with ADAM
Starting optimization with ADAM
Starting optimization with ADAM
Starting optimization with ADAM
Starting optimization with ADAM
Starting optimization with ADAM
Starting optimization with ADAM
Starting optimization with ADAM
Starting optimization with ADAM
Starting optimization with ADAM
Starting optimization with ADAM
Starting optimization with ADAM
Starting optimization with ADAM
Starting optimization with ADAM
Starting optimization with ADAM
Starting optimization with ADAM
Starting optimization with ADAM
Starting optimization with ADAM
Starting optimization with ADAM
Starting optimization with ADAM
Starting optimization with ADAM
Starting optimization with ADAM
Starting optimization with ADAM
Starting optimization with ADAM
Starting optimization with ADAM
Starting optimization with ADAM
Starting optimization with ADAM
Starting optimization with ADAM
Starting optimization with ADAM
Starting optimization with ADAM
Starting optimization with ADAM
Starting optimization with ADAM
Starting optimization with ADAM
Starting optimization with ADAM
Starting optimization with ADAM
Starting optimization with ADAM
Starting optimization with ADAM
Starting optimization with ADAM
Starting optimization with ADAM
Starting optimization with ADAM
lena_uniformblur.png
Starting optimization with ADAM
Starting optimization with ADAM
Starting optimization with ADAM
Starting optimization with ADAM
Starting optimization with ADAM
Starting optimization with ADAM
Starting optimization with ADAM
Starting optimization with ADAM
Starting optimization with ADAM
Starting optimization with ADAM
Starting optimization with ADAM
Starting optimization with ADAM
Starting optimization with ADAM
Starting optimization with ADAM
Starting optimization with ADAM
Starting optimization with ADAM
Starting optimization with ADAM
Starting optimization with ADAM
Starting optimization with ADAM
Starting optimization with ADAM
Starting optimization with ADAM
Starting optimization with ADAM
Starting optimization with ADAM
Starting optimization with ADAM
Starting optimization with ADAM
Starting optimization with ADAM
Starting optimization with ADAM
Starting optimization with ADAM
Starting optimization with ADAM
Starting optimization with ADAM
Starting optimization with ADAM
Starting optimization with ADAM
Starting optimization with ADAM
Starting optimization with ADAM
Starting optimization with ADAM
Starting optimization with ADAM
Starting optimization with ADAM
Starting optimization with ADAM
Starting optimization with ADAM
Starting optimization with ADAM
Starting optimization with ADAM
Starting optimization with ADAM
Starting optimization with ADAM
Starting optimization with ADAM
Starting optimization with ADAM
Starting optimization with ADAM
Starting optimization with ADAM
Starting optimization with ADAM
Starting optimization with ADAM
Starting optimization with ADAM
Starting optimization with ADAM
Starting optimization with ADAM
Starting optimization with ADAM
Starting optimization with ADAM
Starting optimization with ADAM
Starting optimization with ADAM
Starting optimization with ADAM
Starting optimization with ADAM
Starting optimization with ADAM
Starting optimization with ADAM
Starting optimization with ADAM
Starting optimization with ADAM
Starting optimization with ADAM
Starting optimization with ADAM
Starting optimization with ADAM
parrots_uniformblur.png
Starting optimization with ADAM
Starting optimization with ADAM
Starting optimization with ADAM
Starting optimization with ADAM
Starting optimization with ADAM
Starting optimization with ADAM
Starting optimization with ADAM
Starting optimization with ADAM
Starting optimization with ADAM
Starting optimization with ADAM
Starting optimization with ADAM
Starting optimization with ADAM
Starting optimization with ADAM
Starting optimization with ADAM
Starting optimization with ADAM
Starting optimization with ADAM
Starting optimization with ADAM
Starting optimization with ADAM
Starting optimization with ADAM
Starting optimization with ADAM
Starting optimization with ADAM
Starting optimization with ADAM
Starting optimization with ADAM
Starting optimization with ADAM
Starting optimization with ADAM
Starting optimization with ADAM
Starting optimization with ADAM
Starting optimization with ADAM
Starting optimization with ADAM
Starting optimization with ADAM
Starting optimization with ADAM
Starting optimization with ADAM
Starting optimization with ADAM
Starting optimization with ADAM
Starting optimization with ADAM
Starting optimization with ADAM
Starting optimization with ADAM
Starting optimization with ADAM
Starting optimization with ADAM
Starting optimization with ADAM
Starting optimization with ADAM
Starting optimization with ADAM
Starting optimization with ADAM
Starting optimization with ADAM
Starting optimization with ADAM
Starting optimization with ADAM
Starting optimization with ADAM
Starting optimization with ADAM
Starting optimization with ADAM
Starting optimization with ADAM
Starting optimization with ADAM
Starting optimization with ADAM
Starting optimization with ADAM
Starting optimization with ADAM
Starting optimization with ADAM
Starting optimization with ADAM
Starting optimization with ADAM
Starting optimization with ADAM
Starting optimization with ADAM
Starting optimization with ADAM
Starting optimization with ADAM
Starting optimization with ADAM
Starting optimization with ADAM
Starting optimization with ADAM
Starting optimization with ADAM
peppers_uniformblur.png
Starting optimization with ADAM
Starting optimization with ADAM
Starting optimization with ADAM
Starting optimization with ADAM
Starting optimization with ADAM
Starting optimization with ADAM
Starting optimization with ADAM
Starting optimization with ADAM
Starting optimization with ADAM
Starting optimization with ADAM
Starting optimization with ADAM
Starting optimization with ADAM
Starting optimization with ADAM
Starting optimization with ADAM
Starting optimization with ADAM
Starting optimization with ADAM
Starting optimization with ADAM
Starting optimization with ADAM
Starting optimization with ADAM
Starting optimization with ADAM
Starting optimization with ADAM
Starting optimization with ADAM
Starting optimization with ADAM
Starting optimization with ADAM
Starting optimization with ADAM
Starting optimization with ADAM
Starting optimization with ADAM
Starting optimization with ADAM
Starting optimization with ADAM
Starting optimization with ADAM
Starting optimization with ADAM
Starting optimization with ADAM
Starting optimization with ADAM
Starting optimization with ADAM
Starting optimization with ADAM
Starting optimization with ADAM
Starting optimization with ADAM
Starting optimization with ADAM
Starting optimization with ADAM
Starting optimization with ADAM
Starting optimization with ADAM
Starting optimization with ADAM
Starting optimization with ADAM
Starting optimization with ADAM
Starting optimization with ADAM
Starting optimization with ADAM
Starting optimization with ADAM
Starting optimization with ADAM
Starting optimization with ADAM
Starting optimization with ADAM
Starting optimization with ADAM
Starting optimization with ADAM
Starting optimization with ADAM
Starting optimization with ADAM
Starting optimization with ADAM
Starting optimization with ADAM
Starting optimization with ADAM
Starting optimization with ADAM
Starting optimization with ADAM
Starting optimization with ADAM
Starting optimization with ADAM
Starting optimization with ADAM
Starting optimization with ADAM
Starting optimization with ADAM
Starting optimization with ADAM
starfish_uniformblur.png
Starting optimization with ADAM
Starting optimization with ADAM
Starting optimization with ADAM
Starting optimization with ADAM
Starting optimization with ADAM
Starting optimization with ADAM
Starting optimization with ADAM
Starting optimization with ADAM
Starting optimization with ADAM
Starting optimization with ADAM
Starting optimization with ADAM
Starting optimization with ADAM
Starting optimization with ADAM
Starting optimization with ADAM
Starting optimization with ADAM
Starting optimization with ADAM
Starting optimization with ADAM
Starting optimization with ADAM
Starting optimization with ADAM
Starting optimization with ADAM
Starting optimization with ADAM
Starting optimization with ADAM
Starting optimization with ADAM
Starting optimization with ADAM
Starting optimization with ADAM
Starting optimization with ADAM
Starting optimization with ADAM
Starting optimization with ADAM
Starting optimization with ADAM
Starting optimization with ADAM
Starting optimization with ADAM
Starting optimization with ADAM
Starting optimization with ADAM
Starting optimization with ADAM
Starting optimization with ADAM
Starting optimization with ADAM
Starting optimization with ADAM
Starting optimization with ADAM
Starting optimization with ADAM
Starting optimization with ADAM
Starting optimization with ADAM
Starting optimization with ADAM
Starting optimization with ADAM
Starting optimization with ADAM
Starting optimization with ADAM
Starting optimization with ADAM
Starting optimization with ADAM
Starting optimization with ADAM
Starting optimization with ADAM
Starting optimization with ADAM
Starting optimization with ADAM
Starting optimization with ADAM
Starting optimization with ADAM
Starting optimization with ADAM
Starting optimization with ADAM
Starting optimization with ADAM
Starting optimization with ADAM
Starting optimization with ADAM
Starting optimization with ADAM
Starting optimization with ADAM
Starting optimization with ADAM
Starting optimization with ADAM
Starting optimization with ADAM
Starting optimization with ADAM
Starting optimization with ADAM
Tue 07 Nov 2023 08:29:04 PM CST
